<?xml version="1.0" encoding="UTF-8"?>
<!-- Generated by org.testng.reporters.JUnitXMLReporter -->
<testsuite ignored="0" hostname="DESKTOP-3ORSLE9" failures="0" tests="3" name="Default test" time="34.484" errors="0" timestamp="2024-11-21T12:48:42 IST">
  <testcase classname="com.crm.qa.testCases.LoginPageTest" name="LoginPageTitleTest" time="0.018"/>
  <testcase classname="com.crm.qa.testCases.LoginPageTest" name="loginPageCrmLogoTest" time="0.044"/>
  <testcase classname="com.crm.qa.testCases.LoginPageTest" name="loginTest" time="0.195"/>
</testsuite> <!-- Default test -->
